<?xml version="1.0" encoding="UTF-8" ?>
<testsuites errors="1"
            failures="1"
            tests="1">

  <testsuite name="demo"
    errors="1" failures="1" hostname="" id="" package="demo" skipped="0"
    tests="1" time="18.37" timestamp="">
  
    <testcase name="Demo test ecosia.org" classname="demo" time="18.37" assertions="5">

    

    

    

      <failure message="Testing if element [0;33m&lt;.mainline-results&gt;[0m contains text [0;33m&#39;Nightwatch.js&#39;[0m in 5000ms - expected [0;32m&#34;contains text &#39;Nightwatch.js&#39;&#34;[0m but got: [0;31m&#34;element could not be located&#34;[0m [0;90m(5188ms)[0m">    at Object.Demo test ecosia.org (/Users/adekoreday/Documents/Banka-React/Banka-React/tests/demo.js:11:17)
    at process._tickCallback (internal/process/next_tick.js:68:7)</failure>

    
      <failure message="    at Object.Demo test ecosia.org (/Users/adekoreday/Documents/Banka-React/Banka-React/tests/demo.js:11:17)">    at process._tickCallback (internal/process/next_tick.js:68:7)</failure>
      <error message="Error while running &#34;containsText&#34; command: Testing if element [0;33m&lt;.mainline-results&gt;[0m contains text [0;33m&#39;Nightwatch.js&#39;[0m in 5000ms - expected [0;32m&#34;contains text &#39;Nightwatch.js&#39;&#34;[0m but got: [0;31m&#34;element could not be located&#34;[0m [0;90m(5188ms)[0m" type="error">    at process._tickCallback (internal/process/next_tick.js:68:7)</error>
    
    </testcase>
  

  
    <system-err>
      [0;31m  NoSuchElementError: An error occurred while running .getText() command on &lt;.mainline-results&gt;: undefined; undefined
   {&#34;sessionId&#34;:&#34;7fce2135506c481582675882c885da18&#34;,&#34;status&#34;:0,&#34;value&#34;:[]}[0m
[0;90m       at process._tickCallback (internal/process/next_tick.js:68:7)[0m
    </system-err>
  

  
  </testsuite>
</testsuites>
